# JRE version: OpenJDK Runtime Environment Corretto-11.0.30.7.1 (11.0.30+7) (build 11.0.30+7-LTS)
# Java VM: OpenJDK 64-Bit Server VM Corretto-11.0.30.7.1 (11.0.30+7-LTS, mixed mode, tiered, compressed oops, g1 gc, windows-amd64)
Heap:
 garbage-first heap   total 260096K, used 79248K [0x0000000703200000, 0x0000000800000000)
  region size 1024K, 55 young (56320K), 7 survivors (7168K)
 Metaspace       used 59942K, capacity 61919K, committed 62128K, reserved 1103872K
  class space    used 7598K, capacity 8376K, committed 8448K, reserved 1048576K
GC Heap History (16 events):
Event: 1.456 GC heap before
{Heap before GC invocations=0 (full 0):
 garbage-first heap   total 260096K, used 24576K [0x0000000703200000, 0x0000000800000000)
  region size 1024K, 24 young (24576K), 0 survivors (0K)
 Metaspace       used 14461K, capacity 14844K, committed 14976K, reserved 1062912K
  class space    used 1467K, capacity 1588K, committed 1664K, reserved 1048576K
}
Event: 1.463 GC heap after
{Heap after GC invocations=1 (full 0):
 garbage-first heap   total 260096K, used 9598K [0x0000000703200000, 0x0000000800000000)
  region size 1024K, 3 young (3072K), 3 survivors (3072K)
 Metaspace       used 14461K, capacity 14844K, committed 14976K, reserved 1062912K
  class space    used 1467K, capacity 1588K, committed 1664K, reserved 1048576K
}
Event: 1.667 GC heap before
{Heap before GC invocations=1 (full 0):
 garbage-first heap   total 260096K, used 25982K [0x0000000703200000, 0x0000000800000000)
  region size 1024K, 19 young (19456K), 3 survivors (3072K)
 Metaspace       used 16801K, capacity 17264K, committed 17408K, reserved 1064960K
  class space    used 1799K, capacity 1979K, committed 2048K, reserved 1048576K
}
Event: 1.670 GC heap after
{Heap after GC invocations=2 (full 0):
 garbage-first heap   total 260096K, used 10726K [0x0000000703200000, 0x0000000800000000)
  region size 1024K, 1 young (1024K), 1 survivors (1024K)
 Metaspace       used 16801K, capacity 17264K, committed 17408K, reserved 1064960K
  class space    used 1799K, capacity 1979K, committed 2048K, reserved 1048576K
}
Event: 3.668 GC heap before
{Heap before GC invocations=2 (full 0):
 garbage-first heap   total 260096K, used 33254K [0x0000000703200000, 0x0000000800000000)
  region size 1024K, 24 young (24576K), 1 survivors (1024K)
 Metaspace       used 20507K, capacity 21218K, committed 21296K, reserved 1069056K
  class space    used 2387K, capacity 2683K, committed 2688K, reserved 1048576K
}
Event: 3.672 GC heap after
{Heap after GC invocations=3 (full 0):
 garbage-first heap   total 260096K, used 11913K [0x0000000703200000, 0x0000000800000000)
  region size 1024K, 3 young (3072K), 3 survivors (3072K)
 Metaspace       used 20507K, capacity 21218K, committed 21296K, reserved 1069056K
  class space    used 2387K, capacity 2683K, committed 2688K, reserved 1048576K
}
Event: 4.135 GC heap before
{Heap before GC invocations=4 (full 0):
 garbage-first heap   total 260096K, used 71305K [0x0000000703200000, 0x0000000800000000)
  region size 1024K, 61 young (62464K), 3 survivors (3072K)
 Metaspace       used 29491K, capacity 30390K, committed 30512K, reserved 1075200K
  class space    used 3596K, capacity 3950K, committed 3968K, reserved 1048576K
}
Event: 4.140 GC heap after
{Heap after GC invocations=5 (full 0):
 garbage-first heap   total 260096K, used 14629K [0x0000000703200000, 0x0000000800000000)
  region size 1024K, 5 young (5120K), 5 survivors (5120K)
 Metaspace       used 29491K, capacity 30390K, committed 30512K, reserved 1075200K
  class space    used 3596K, capacity 3950K, committed 3968K, reserved 1048576K
}
Event: 5.162 GC heap before
{Heap before GC invocations=5 (full 0):
 garbage-first heap   total 260096K, used 111909K [0x0000000703200000, 0x0000000800000000)
  region size 1024K, 102 young (104448K), 5 survivors (5120K)
 Metaspace       used 34757K, capacity 35760K, committed 35920K, reserved 1081344K
  class space    used 4342K, capacity 4741K, committed 4864K, reserved 1048576K
}
Event: 5.174 GC heap after
{Heap after GC invocations=6 (full 0):
 garbage-first heap   total 260096K, used 17622K [0x0000000703200000, 0x0000000800000000)
  region size 1024K, 8 young (8192K), 8 survivors (8192K)
 Metaspace       used 34757K, capacity 35760K, committed 35920K, reserved 1081344K
  class space    used 4342K, capacity 4741K, committed 4864K, reserved 1048576K
}
Event: 7.841 GC heap before
{Heap before GC invocations=7 (full 0):
 garbage-first heap   total 260096K, used 156886K [0x0000000703200000, 0x0000000800000000)
  region size 1024K, 144 young (147456K), 8 survivors (8192K)
 Metaspace       used 46056K, capacity 47494K, committed 47536K, reserved 1091584K
  class space    used 5825K, capacity 6399K, committed 6400K, reserved 1048576K
}
Event: 7.851 GC heap after
{Heap after GC invocations=8 (full 0):
 garbage-first heap   total 260096K, used 24831K [0x0000000703200000, 0x0000000800000000)
  region size 1024K, 15 young (15360K), 15 survivors (15360K)
 Metaspace       used 46056K, capacity 47494K, committed 47536K, reserved 1091584K
  class space    used 5825K, capacity 6399K, committed 6400K, reserved 1048576K
}
Event: 12.029 GC heap before
{Heap before GC invocations=8 (full 0):
 garbage-first heap   total 260096K, used 165119K [0x0000000703200000, 0x0000000800000000)
  region size 1024K, 152 young (155648K), 15 survivors (15360K)
 Metaspace       used 54040K, capacity 55586K, committed 55856K, reserved 1097728K
  class space    used 6807K, capacity 7450K, committed 7552K, reserved 1048576K
}
Event: 12.039 GC heap after
{Heap after GC invocations=9 (full 0):
 garbage-first heap   total 260096K, used 28710K [0x0000000703200000, 0x0000000800000000)
  region size 1024K, 12 young (12288K), 12 survivors (12288K)
 Metaspace       used 54040K, capacity 55586K, committed 55856K, reserved 1097728K
  class space    used 6807K, capacity 7450K, committed 7552K, reserved 1048576K
}
Event: 14.774 GC heap before
{Heap before GC invocations=9 (full 0):
 garbage-first heap   total 260096K, used 84006K [0x0000000703200000, 0x0000000800000000)
  region size 1024K, 67 young (68608K), 12 survivors (12288K)
 Metaspace       used 58570K, capacity 60175K, committed 60296K, reserved 1101824K
  class space    used 7345K, capacity 7998K, committed 8064K, reserved 1048576K
}
Event: 14.782 GC heap after
{Heap after GC invocations=10 (full 0):
 garbage-first heap   total 260096K, used 31120K [0x0000000703200000, 0x0000000800000000)
  region size 1024K, 7 young (7168K), 7 survivors (7168K)
 Metaspace       used 58570K, capacity 60175K, committed 60296K, reserved 1101824K
  class space    used 7345K, capacity 7998K, committed 8064K, reserved 1048576K
}

